[     183ms] [LOG] [Fast Refresh] rebuilding @ http://localhost:3000/_next/static/chunks/node_modules_next_dist_client_cf1d9188._.js:5949
[    1407ms] [LOG] [Fast Refresh] done in 1325ms @ http://localhost:3000/_next/static/chunks/node_modules_next_dist_client_cf1d9188._.js:5809
[    1510ms] [LOG] [Fast Refresh] rebuilding @ http://localhost:3000/_next/static/chunks/node_modules_next_dist_client_cf1d9188._.js:5949
[    1897ms] [LOG] [Fast Refresh] done in 487ms @ http://localhost:3000/_next/static/chunks/node_modules_next_dist_client_cf1d9188._.js:5809
[    2303ms] [INFO] %cDownload the React DevTools for a better development experience: https://react.dev/link/react-devtools font-weight:bold @ http://localhost:3000/_next/static/chunks/node_modules_next_dist_compiled_react-dom_1e674e59._.js:14537
[    2590ms] [LOG] %c >> query #1 %ccatalog.getMine%c %O 
    background-color: #72e3ff;
    color: black;
    padding: 2px;
   
    background-color: #72e3ff;
    color: black;
    padding: 2px;
  ; font-weight: bold; 
    background-color: #72e3ff;
    color: black;
    padding: 2px;
  ; font-weight: normal; {input: undefined, context: Object} @ http://localhost:3000/_next/static/chunks/node_modules_bf5126c7._.js:5192
[    2835ms] [LOG] [Fast Refresh] rebuilding @ http://localhost:3000/_next/static/chunks/node_modules_next_dist_client_cf1d9188._.js:5949
[    2949ms] [LOG] [Fast Refresh] done in 220ms @ http://localhost:3000/_next/static/chunks/node_modules_next_dist_client_cf1d9188._.js:5809
[    3586ms] [LOG] %c << query #1 %ccatalog.getMine%c %O 
    background-color: #3fb0d8;
    color: white;
    padding: 2px;
   
    background-color: #3fb0d8;
    color: white;
    padding: 2px;
  ; font-weight: bold; 
    background-color: #3fb0d8;
    color: white;
    padding: 2px;
  ; font-weight: normal; {input: undefined, result: Object, elapsedMs: 994, context: Object} @ http://localhost:3000/_next/static/chunks/node_modules_bf5126c7._.js:5192
[    8150ms] [LOG] [Fast Refresh] rebuilding @ http://localhost:3000/_next/static/chunks/node_modules_next_dist_client_cf1d9188._.js:5949
[    9010ms] [LOG] [Fast Refresh] done in 961ms @ http://localhost:3000/_next/static/chunks/node_modules_next_dist_client_cf1d9188._.js:5809
[    9115ms] [LOG] [Fast Refresh] rebuilding @ http://localhost:3000/_next/static/chunks/node_modules_next_dist_client_cf1d9188._.js:5949
[    9447ms] [WARNING] Detected `scroll-behavior: smooth` on the `<html>` element. In a future version, Next.js will no longer automatically disable smooth scrolling during route transitions. To prepare for this change, add `data-scroll-behavior="smooth"` to your <html> element. Learn more: https://nextjs.org/docs/messages/missing-data-scroll-behavior @ http://localhost:3000/_next/static/chunks/node_modules_next_dist_b0daae9a._.js:968
[    9464ms] [LOG] %c >> query #2 %cpurchases.getAllParticipants%c %O 
    background-color: #72e3ff;
    color: black;
    padding: 2px;
   
    background-color: #72e3ff;
    color: black;
    padding: 2px;
  ; font-weight: bold; 
    background-color: #72e3ff;
    color: black;
    padding: 2px;
  ; font-weight: normal; {input: Object, context: Object} @ http://localhost:3000/_next/static/chunks/node_modules_bf5126c7._.js:5192
[    9567ms] [LOG] [Fast Refresh] done in 555ms @ http://localhost:3000/_next/static/chunks/node_modules_next_dist_client_cf1d9188._.js:5809
[   10535ms] [LOG] %c << query #2 %cpurchases.getAllParticipants%c %O 
    background-color: #3fb0d8;
    color: white;
    padding: 2px;
   
    background-color: #3fb0d8;
    color: white;
    padding: 2px;
  ; font-weight: bold; 
    background-color: #3fb0d8;
    color: white;
    padding: 2px;
  ; font-weight: normal; {input: Object, result: Object, elapsedMs: 1068, context: Object} @ http://localhost:3000/_next/static/chunks/node_modules_bf5126c7._.js:5192
[   22398ms] [LOG] %c >> query #3 %cproducts.getAll%c %O 
    background-color: #72e3ff;
    color: black;
    padding: 2px;
   
    background-color: #72e3ff;
    color: black;
    padding: 2px;
  ; font-weight: bold; 
    background-color: #72e3ff;
    color: black;
    padding: 2px;
  ; font-weight: normal; {input: Object, context: Object} @ http://localhost:3000/_next/static/chunks/node_modules_bf5126c7._.js:5192
[   24103ms] [LOG] %c << query #3 %cproducts.getAll%c %O 
    background-color: #3fb0d8;
    color: white;
    padding: 2px;
   
    background-color: #3fb0d8;
    color: white;
    padding: 2px;
  ; font-weight: bold; 
    background-color: #3fb0d8;
    color: white;
    padding: 2px;
  ; font-weight: normal; {input: Object, result: Object, elapsedMs: 1702, context: Object} @ http://localhost:3000/_next/static/chunks/node_modules_bf5126c7._.js:5192
[   24141ms] [LOG] %c >> query #4 %cpurchases.countByProductIds%c %O 
    background-color: #72e3ff;
    color: black;
    padding: 2px;
   
    background-color: #72e3ff;
    color: black;
    padding: 2px;
  ; font-weight: bold; 
    background-color: #72e3ff;
    color: black;
    padding: 2px;
  ; font-weight: normal; {input: Object, context: Object} @ http://localhost:3000/_next/static/chunks/node_modules_bf5126c7._.js:5192
[   24764ms] [LOG] %c << query #4 %cpurchases.countByProductIds%c %O 
    background-color: #3fb0d8;
    color: white;
    padding: 2px;
   
    background-color: #3fb0d8;
    color: white;
    padding: 2px;
  ; font-weight: bold; 
    background-color: #3fb0d8;
    color: white;
    padding: 2px;
  ; font-weight: normal; {input: Object, result: Object, elapsedMs: 622, context: Object} @ http://localhost:3000/_next/static/chunks/node_modules_bf5126c7._.js:5192
[   30754ms] [LOG] [Fast Refresh] rebuilding @ http://localhost:3000/_next/static/chunks/node_modules_next_dist_client_cf1d9188._.js:5949
[   32487ms] [LOG] [Fast Refresh] done in 1833ms @ http://localhost:3000/_next/static/chunks/node_modules_next_dist_client_cf1d9188._.js:5809
[   32590ms] [LOG] [Fast Refresh] rebuilding @ http://localhost:3000/_next/static/chunks/node_modules_next_dist_client_cf1d9188._.js:5949
[   33031ms] [LOG] [Fast Refresh] done in 543ms @ http://localhost:3000/_next/static/chunks/node_modules_next_dist_client_cf1d9188._.js:5809
[   33876ms] [LOG] [Fast Refresh] rebuilding @ http://localhost:3000/_next/static/chunks/node_modules_next_dist_client_cf1d9188._.js:5949
[   33955ms] [LOG] %c >> query #5 %ccatalog.getMine%c %O 
    background-color: #72e3ff;
    color: black;
    padding: 2px;
   
    background-color: #72e3ff;
    color: black;
    padding: 2px;
  ; font-weight: bold; 
    background-color: #72e3ff;
    color: black;
    padding: 2px;
  ; font-weight: normal; {input: undefined, context: Object} @ http://localhost:3000/_next/static/chunks/node_modules_bf5126c7._.js:5192
[   33962ms] [LOG] %c >> query #6 %cproducts.getById%c %O 
    background-color: #72e3ff;
    color: black;
    padding: 2px;
   
    background-color: #72e3ff;
    color: black;
    padding: 2px;
  ; font-weight: bold; 
    background-color: #72e3ff;
    color: black;
    padding: 2px;
  ; font-weight: normal; {input: Object, context: Object} @ http://localhost:3000/_next/static/chunks/node_modules_bf5126c7._.js:5192
[   33974ms] [LOG] %c >> query #7 %cpurchases.countByProductId%c %O 
    background-color: #72e3ff;
    color: black;
    padding: 2px;
   
    background-color: #72e3ff;
    color: black;
    padding: 2px;
  ; font-weight: bold; 
    background-color: #72e3ff;
    color: black;
    padding: 2px;
  ; font-weight: normal; {input: Object, context: Object} @ http://localhost:3000/_next/static/chunks/node_modules_bf5126c7._.js:5192
[   34489ms] [LOG] [Fast Refresh] done in 731ms @ http://localhost:3000/_next/static/chunks/node_modules_next_dist_client_cf1d9188._.js:5809
[   35569ms] [LOG] %c << query #5 %ccatalog.getMine%c %O 
    background-color: #3fb0d8;
    color: white;
    padding: 2px;
   
    background-color: #3fb0d8;
    color: white;
    padding: 2px;
  ; font-weight: bold; 
    background-color: #3fb0d8;
    color: white;
    padding: 2px;
  ; font-weight: normal; {input: undefined, result: Object, elapsedMs: 1608, context: Object} @ http://localhost:3000/_next/static/chunks/node_modules_bf5126c7._.js:5192
[   35570ms] [LOG] %c << query #6 %cproducts.getById%c %O 
    background-color: #3fb0d8;
    color: white;
    padding: 2px;
   
    background-color: #3fb0d8;
    color: white;
    padding: 2px;
  ; font-weight: bold; 
    background-color: #3fb0d8;
    color: white;
    padding: 2px;
  ; font-weight: normal; {input: Object, result: Object, elapsedMs: 1605, context: Object} @ http://localhost:3000/_next/static/chunks/node_modules_bf5126c7._.js:5192
[   35571ms] [LOG] %c << query #7 %cpurchases.countByProductId%c %O 
    background-color: #3fb0d8;
    color: white;
    padding: 2px;
   
    background-color: #3fb0d8;
    color: white;
    padding: 2px;
  ; font-weight: bold; 
    background-color: #3fb0d8;
    color: white;
    padding: 2px;
  ; font-weight: normal; {input: Object, result: Object, elapsedMs: 1595, context: Object} @ http://localhost:3000/_next/static/chunks/node_modules_bf5126c7._.js:5192
[   46111ms] [LOG] [Fast Refresh] rebuilding @ http://localhost:3000/_next/static/chunks/node_modules_next_dist_client_cf1d9188._.js:5949
[   47700ms] [LOG] [Fast Refresh] done in 1690ms @ http://localhost:3000/_next/static/chunks/node_modules_next_dist_client_cf1d9188._.js:5809
[   47803ms] [LOG] [Fast Refresh] rebuilding @ http://localhost:3000/_next/static/chunks/node_modules_next_dist_client_cf1d9188._.js:5949
[   48219ms] [LOG] [Fast Refresh] done in 516ms @ http://localhost:3000/_next/static/chunks/node_modules_next_dist_client_cf1d9188._.js:5809
[   48900ms] [LOG] [Fast Refresh] rebuilding @ http://localhost:3000/_next/static/chunks/node_modules_next_dist_client_cf1d9188._.js:5949
[   49694ms] [LOG] [Fast Refresh] done in 908ms @ http://localhost:3000/_next/static/chunks/node_modules_next_dist_client_cf1d9188._.js:5809
[   61381ms] [LOG] %c >> mutation #8 %cproducts.update%c %O 
    background-color: #c5a3fc;
    color: black;
    padding: 2px;
   
    background-color: #c5a3fc;
    color: black;
    padding: 2px;
  ; font-weight: bold; 
    background-color: #c5a3fc;
    color: black;
    padding: 2px;
  ; font-weight: normal; {input: Object, context: Object} @ http://localhost:3000/_next/static/chunks/node_modules_bf5126c7._.js:5192
[   63000ms] [LOG] %c << mutation #8 %cproducts.update%c %O 
    background-color: #904dfc;
    color: white;
    padding: 2px;
   
    background-color: #904dfc;
    color: white;
    padding: 2px;
  ; font-weight: bold; 
    background-color: #904dfc;
    color: white;
    padding: 2px;
  ; font-weight: normal; {input: Object, result: Object, elapsedMs: 1618, context: Object} @ http://localhost:3000/_next/static/chunks/node_modules_bf5126c7._.js:5192
[   63007ms] [LOG] %c >> query #9 %cproducts.getById%c %O 
    background-color: #72e3ff;
    color: black;
    padding: 2px;
   
    background-color: #72e3ff;
    color: black;
    padding: 2px;
  ; font-weight: bold; 
    background-color: #72e3ff;
    color: black;
    padding: 2px;
  ; font-weight: normal; {input: Object, context: Object} @ http://localhost:3000/_next/static/chunks/node_modules_bf5126c7._.js:5192
[   64356ms] [LOG] %c << query #9 %cproducts.getById%c %O 
    background-color: #3fb0d8;
    color: white;
    padding: 2px;
   
    background-color: #3fb0d8;
    color: white;
    padding: 2px;
  ; font-weight: bold; 
    background-color: #3fb0d8;
    color: white;
    padding: 2px;
  ; font-weight: normal; {input: Object, result: Object, elapsedMs: 1348, context: Object} @ http://localhost:3000/_next/static/chunks/node_modules_bf5126c7._.js:5192
[   72566ms] [LOG] %c >> query #10 %cproducts.getAll%c %O 
    background-color: #72e3ff;
    color: black;
    padding: 2px;
   
    background-color: #72e3ff;
    color: black;
    padding: 2px;
  ; font-weight: bold; 
    background-color: #72e3ff;
    color: black;
    padding: 2px;
  ; font-weight: normal; {input: Object, context: Object} @ http://localhost:3000/_next/static/chunks/node_modules_bf5126c7._.js:5192
[   72568ms] [LOG] %c >> query #11 %cpurchases.countByProductIds%c %O 
    background-color: #72e3ff;
    color: black;
    padding: 2px;
   
    background-color: #72e3ff;
    color: black;
    padding: 2px;
  ; font-weight: bold; 
    background-color: #72e3ff;
    color: black;
    padding: 2px;
  ; font-weight: normal; {input: Object, context: Object} @ http://localhost:3000/_next/static/chunks/node_modules_bf5126c7._.js:5192
[   72570ms] [LOG] %c >> query #12 %ccatalog.getMine%c %O 
    background-color: #72e3ff;
    color: black;
    padding: 2px;
   
    background-color: #72e3ff;
    color: black;
    padding: 2px;
  ; font-weight: bold; 
    background-color: #72e3ff;
    color: black;
    padding: 2px;
  ; font-weight: normal; {input: undefined, context: Object} @ http://localhost:3000/_next/static/chunks/node_modules_bf5126c7._.js:5192
[   73863ms] [LOG] %c << query #10 %cproducts.getAll%c %O 
    background-color: #3fb0d8;
    color: white;
    padding: 2px;
   
    background-color: #3fb0d8;
    color: white;
    padding: 2px;
  ; font-weight: bold; 
    background-color: #3fb0d8;
    color: white;
    padding: 2px;
  ; font-weight: normal; {input: Object, result: Object, elapsedMs: 1296, context: Object} @ http://localhost:3000/_next/static/chunks/node_modules_bf5126c7._.js:5192
[   73863ms] [LOG] %c << query #11 %cpurchases.countByProductIds%c %O 
    background-color: #3fb0d8;
    color: white;
    padding: 2px;
   
    background-color: #3fb0d8;
    color: white;
    padding: 2px;
  ; font-weight: bold; 
    background-color: #3fb0d8;
    color: white;
    padding: 2px;
  ; font-weight: normal; {input: Object, result: Object, elapsedMs: 1295, context: Object} @ http://localhost:3000/_next/static/chunks/node_modules_bf5126c7._.js:5192
[   73864ms] [LOG] %c << query #12 %ccatalog.getMine%c %O 
    background-color: #3fb0d8;
    color: white;
    padding: 2px;
   
    background-color: #3fb0d8;
    color: white;
    padding: 2px;
  ; font-weight: bold; 
    background-color: #3fb0d8;
    color: white;
    padding: 2px;
  ; font-weight: normal; {input: undefined, result: Object, elapsedMs: 1293, context: Object} @ http://localhost:3000/_next/static/chunks/node_modules_bf5126c7._.js:5192
[   87116ms] [LOG] %c >> mutation #13 %cproducts.delete%c %O 
    background-color: #c5a3fc;
    color: black;
    padding: 2px;
   
    background-color: #c5a3fc;
    color: black;
    padding: 2px;
  ; font-weight: bold; 
    background-color: #c5a3fc;
    color: black;
    padding: 2px;
  ; font-weight: normal; {input: Object, context: Object} @ http://localhost:3000/_next/static/chunks/node_modules_bf5126c7._.js:5192
[   88546ms] [LOG] %c << mutation #13 %cproducts.delete%c %O 
    background-color: #904dfc;
    color: white;
    padding: 2px;
   
    background-color: #904dfc;
    color: white;
    padding: 2px;
  ; font-weight: bold; 
    background-color: #904dfc;
    color: white;
    padding: 2px;
  ; font-weight: normal; {input: Object, result: Object, elapsedMs: 1429, context: Object} @ http://localhost:3000/_next/static/chunks/node_modules_bf5126c7._.js:5192
[   88547ms] [LOG] %c >> query #14 %cproducts.getAll%c %O 
    background-color: #72e3ff;
    color: black;
    padding: 2px;
   
    background-color: #72e3ff;
    color: black;
    padding: 2px;
  ; font-weight: bold; 
    background-color: #72e3ff;
    color: black;
    padding: 2px;
  ; font-weight: normal; {input: Object, context: Object} @ http://localhost:3000/_next/static/chunks/node_modules_bf5126c7._.js:5192
[   89792ms] [LOG] %c << query #14 %cproducts.getAll%c %O 
    background-color: #3fb0d8;
    color: white;
    padding: 2px;
   
    background-color: #3fb0d8;
    color: white;
    padding: 2px;
  ; font-weight: bold; 
    background-color: #3fb0d8;
    color: white;
    padding: 2px;
  ; font-weight: normal; {input: Object, result: Object, elapsedMs: 1244, context: Object} @ http://localhost:3000/_next/static/chunks/node_modules_bf5126c7._.js:5192
[  167982ms] [LOG] %c >> query #15 %cproducts.getAll%c %O 
    background-color: #72e3ff;
    color: black;
    padding: 2px;
   
    background-color: #72e3ff;
    color: black;
    padding: 2px;
  ; font-weight: bold; 
    background-color: #72e3ff;
    color: black;
    padding: 2px;
  ; font-weight: normal; {input: Object, context: Object} @ http://localhost:3000/_next/static/chunks/node_modules_bf5126c7._.js:5192
[  167985ms] [LOG] %c >> query #16 %ccatalog.getMine%c %O 
    background-color: #72e3ff;
    color: black;
    padding: 2px;
   
    background-color: #72e3ff;
    color: black;
    padding: 2px;
  ; font-weight: bold; 
    background-color: #72e3ff;
    color: black;
    padding: 2px;
  ; font-weight: normal; {input: undefined, context: Object} @ http://localhost:3000/_next/static/chunks/node_modules_bf5126c7._.js:5192
[  169653ms] [LOG] %c << query #15 %cproducts.getAll%c %O 
    background-color: #3fb0d8;
    color: white;
    padding: 2px;
   
    background-color: #3fb0d8;
    color: white;
    padding: 2px;
  ; font-weight: bold; 
    background-color: #3fb0d8;
    color: white;
    padding: 2px;
  ; font-weight: normal; {input: Object, result: Object, elapsedMs: 1670, context: Object} @ http://localhost:3000/_next/static/chunks/node_modules_bf5126c7._.js:5192
[  169655ms] [LOG] %c << query #16 %ccatalog.getMine%c %O 
    background-color: #3fb0d8;
    color: white;
    padding: 2px;
   
    background-color: #3fb0d8;
    color: white;
    padding: 2px;
  ; font-weight: bold; 
    background-color: #3fb0d8;
    color: white;
    padding: 2px;
  ; font-weight: normal; {input: undefined, result: Object, elapsedMs: 1669, context: Object} @ http://localhost:3000/_next/static/chunks/node_modules_bf5126c7._.js:5192
[  169681ms] [LOG] %c >> query #17 %cpurchases.countByProductIds%c %O 
    background-color: #72e3ff;
    color: black;
    padding: 2px;
   
    background-color: #72e3ff;
    color: black;
    padding: 2px;
  ; font-weight: bold; 
    background-color: #72e3ff;
    color: black;
    padding: 2px;
  ; font-weight: normal; {input: Object, context: Object} @ http://localhost:3000/_next/static/chunks/node_modules_bf5126c7._.js:5192
[  170383ms] [LOG] %c << query #17 %cpurchases.countByProductIds%c %O 
    background-color: #3fb0d8;
    color: white;
    padding: 2px;
   
    background-color: #3fb0d8;
    color: white;
    padding: 2px;
  ; font-weight: bold; 
    background-color: #3fb0d8;
    color: white;
    padding: 2px;
  ; font-weight: normal; {input: Object, result: Object, elapsedMs: 697, context: Object} @ http://localhost:3000/_next/static/chunks/node_modules_bf5126c7._.js:5192
[  171487ms] [LOG] %c >> query #18 %cproducts.getAll%c %O 
    background-color: #72e3ff;
    color: black;
    padding: 2px;
   
    background-color: #72e3ff;
    color: black;
    padding: 2px;
  ; font-weight: bold; 
    background-color: #72e3ff;
    color: black;
    padding: 2px;
  ; font-weight: normal; {input: Object, context: Object} @ http://localhost:3000/_next/static/chunks/node_modules_bf5126c7._.js:5192
[  172066ms] [LOG] %c << query #18 %cproducts.getAll%c %O 
    background-color: #3fb0d8;
    color: white;
    padding: 2px;
   
    background-color: #3fb0d8;
    color: white;
    padding: 2px;
  ; font-weight: bold; 
    background-color: #3fb0d8;
    color: white;
    padding: 2px;
  ; font-weight: normal; {input: Object, result: Object, elapsedMs: 577, context: Object} @ http://localhost:3000/_next/static/chunks/node_modules_bf5126c7._.js:5192
[  217955ms] [LOG] %c >> query #19 %cproducts.getAll%c %O 
    background-color: #72e3ff;
    color: black;
    padding: 2px;
   
    background-color: #72e3ff;
    color: black;
    padding: 2px;
  ; font-weight: bold; 
    background-color: #72e3ff;
    color: black;
    padding: 2px;
  ; font-weight: normal; {input: Object, context: Object} @ http://localhost:3000/_next/static/chunks/node_modules_bf5126c7._.js:5192
[  217957ms] [LOG] %c >> query #20 %cpurchases.countByProductIds%c %O 
    background-color: #72e3ff;
    color: black;
    padding: 2px;
   
    background-color: #72e3ff;
    color: black;
    padding: 2px;
  ; font-weight: bold; 
    background-color: #72e3ff;
    color: black;
    padding: 2px;
  ; font-weight: normal; {input: Object, context: Object} @ http://localhost:3000/_next/static/chunks/node_modules_bf5126c7._.js:5192
[  217957ms] [LOG] %c >> query #21 %ccatalog.getMine%c %O 
    background-color: #72e3ff;
    color: black;
    padding: 2px;
   
    background-color: #72e3ff;
    color: black;
    padding: 2px;
  ; font-weight: bold; 
    background-color: #72e3ff;
    color: black;
    padding: 2px;
  ; font-weight: normal; {input: undefined, context: Object} @ http://localhost:3000/_next/static/chunks/node_modules_bf5126c7._.js:5192
[  219125ms] [LOG] %c << query #19 %cproducts.getAll%c %O 
    background-color: #3fb0d8;
    color: white;
    padding: 2px;
   
    background-color: #3fb0d8;
    color: white;
    padding: 2px;
  ; font-weight: bold; 
    background-color: #3fb0d8;
    color: white;
    padding: 2px;
  ; font-weight: normal; {input: Object, result: Object, elapsedMs: 1169, context: Object} @ http://localhost:3000/_next/static/chunks/node_modules_bf5126c7._.js:5192
[  219126ms] [LOG] %c << query #20 %cpurchases.countByProductIds%c %O 
    background-color: #3fb0d8;
    color: white;
    padding: 2px;
   
    background-color: #3fb0d8;
    color: white;
    padding: 2px;
  ; font-weight: bold; 
    background-color: #3fb0d8;
    color: white;
    padding: 2px;
  ; font-weight: normal; {input: Object, result: Object, elapsedMs: 1169, context: Object} @ http://localhost:3000/_next/static/chunks/node_modules_bf5126c7._.js:5192
[  219126ms] [LOG] %c << query #21 %ccatalog.getMine%c %O 
    background-color: #3fb0d8;
    color: white;
    padding: 2px;
   
    background-color: #3fb0d8;
    color: white;
    padding: 2px;
  ; font-weight: bold; 
    background-color: #3fb0d8;
    color: white;
    padding: 2px;
  ; font-weight: normal; {input: undefined, result: Object, elapsedMs: 1167, context: Object} @ http://localhost:3000/_next/static/chunks/node_modules_bf5126c7._.js:5192
[  220057ms] [LOG] %c >> query #22 %cpurchases.getAllParticipants%c %O 
    background-color: #72e3ff;
    color: black;
    padding: 2px;
   
    background-color: #72e3ff;
    color: black;
    padding: 2px;
  ; font-weight: bold; 
    background-color: #72e3ff;
    color: black;
    padding: 2px;
  ; font-weight: normal; {input: Object, context: Object} @ http://localhost:3000/_next/static/chunks/node_modules_bf5126c7._.js:5192
[  220647ms] [LOG] %c << query #22 %cpurchases.getAllParticipants%c %O 
    background-color: #3fb0d8;
    color: white;
    padding: 2px;
   
    background-color: #3fb0d8;
    color: white;
    padding: 2px;
  ; font-weight: bold; 
    background-color: #3fb0d8;
    color: white;
    padding: 2px;
  ; font-weight: normal; {input: Object, result: Object, elapsedMs: 588, context: Object} @ http://localhost:3000/_next/static/chunks/node_modules_bf5126c7._.js:5192
[  250557ms] [LOG] %c >> query #23 %ccatalog.getBySlug%c %O 
    background-color: #72e3ff;
    color: black;
    padding: 2px;
   
    background-color: #72e3ff;
    color: black;
    padding: 2px;
  ; font-weight: bold; 
    background-color: #72e3ff;
    color: black;
    padding: 2px;
  ; font-weight: normal; {input: Object, context: Object} @ http://localhost:3000/_next/static/chunks/node_modules_bf5126c7._.js:5192
[  252187ms] [LOG] %c << query #23 %ccatalog.getBySlug%c %O 
    background-color: #3fb0d8;
    color: white;
    padding: 2px;
   
    background-color: #3fb0d8;
    color: white;
    padding: 2px;
  ; font-weight: bold; 
    background-color: #3fb0d8;
    color: white;
    padding: 2px;
  ; font-weight: normal; {input: Object, result: Object, elapsedMs: 1629, context: Object} @ http://localhost:3000/_next/static/chunks/node_modules_bf5126c7._.js:5192
[  255379ms] [LOG] %c >> query #24 %ccatalog.getProductById%c %O 
    background-color: #72e3ff;
    color: black;
    padding: 2px;
   
    background-color: #72e3ff;
    color: black;
    padding: 2px;
  ; font-weight: bold; 
    background-color: #72e3ff;
    color: black;
    padding: 2px;
  ; font-weight: normal; {input: Object, context: Object} @ http://localhost:3000/_next/static/chunks/node_modules_bf5126c7._.js:5192
[  256720ms] [LOG] %c << query #24 %ccatalog.getProductById%c %O 
    background-color: #3fb0d8;
    color: white;
    padding: 2px;
   
    background-color: #3fb0d8;
    color: white;
    padding: 2px;
  ; font-weight: bold; 
    background-color: #3fb0d8;
    color: white;
    padding: 2px;
  ; font-weight: normal; {input: Object, result: Object, elapsedMs: 1340, context: Object} @ http://localhost:3000/_next/static/chunks/node_modules_bf5126c7._.js:5192
[  262745ms] [LOG] %c >> query #25 %ccatalog.getMine%c %O 
    background-color: #72e3ff;
    color: black;
    padding: 2px;
   
    background-color: #72e3ff;
    color: black;
    padding: 2px;
  ; font-weight: bold; 
    background-color: #72e3ff;
    color: black;
    padding: 2px;
  ; font-weight: normal; {input: undefined, context: Object} @ http://localhost:3000/_next/static/chunks/node_modules_bf5126c7._.js:5192
[  263811ms] [LOG] %c << query #25 %ccatalog.getMine%c %O 
    background-color: #3fb0d8;
    color: white;
    padding: 2px;
   
    background-color: #3fb0d8;
    color: white;
    padding: 2px;
  ; font-weight: bold; 
    background-color: #3fb0d8;
    color: white;
    padding: 2px;
  ; font-weight: normal; {input: undefined, result: Object, elapsedMs: 1065, context: Object} @ http://localhost:3000/_next/static/chunks/node_modules_bf5126c7._.js:5192
[  264836ms] [LOG] %c >> query #26 %cproducts.getAll%c %O 
    background-color: #72e3ff;
    color: black;
    padding: 2px;
   
    background-color: #72e3ff;
    color: black;
    padding: 2px;
  ; font-weight: bold; 
    background-color: #72e3ff;
    color: black;
    padding: 2px;
  ; font-weight: normal; {input: Object, context: Object} @ http://localhost:3000/_next/static/chunks/node_modules_bf5126c7._.js:5192
[  264837ms] [LOG] %c >> query #27 %cpurchases.countByProductIds%c %O 
    background-color: #72e3ff;
    color: black;
    padding: 2px;
   
    background-color: #72e3ff;
    color: black;
    padding: 2px;
  ; font-weight: bold; 
    background-color: #72e3ff;
    color: black;
    padding: 2px;
  ; font-weight: normal; {input: Object, context: Object} @ http://localhost:3000/_next/static/chunks/node_modules_bf5126c7._.js:5192
[  266324ms] [LOG] %c << query #26 %cproducts.getAll%c %O 
    background-color: #3fb0d8;
    color: white;
    padding: 2px;
   
    background-color: #3fb0d8;
    color: white;
    padding: 2px;
  ; font-weight: bold; 
    background-color: #3fb0d8;
    color: white;
    padding: 2px;
  ; font-weight: normal; {input: Object, result: Object, elapsedMs: 1488, context: Object} @ http://localhost:3000/_next/static/chunks/node_modules_bf5126c7._.js:5192
[  266325ms] [LOG] %c << query #27 %cpurchases.countByProductIds%c %O 
    background-color: #3fb0d8;
    color: white;
    padding: 2px;
   
    background-color: #3fb0d8;
    color: white;
    padding: 2px;
  ; font-weight: bold; 
    background-color: #3fb0d8;
    color: white;
    padding: 2px;
  ; font-weight: normal; {input: Object, result: Object, elapsedMs: 1487, context: Object} @ http://localhost:3000/_next/static/chunks/node_modules_bf5126c7._.js:5192
[  314028ms] [LOG] %c >> query #28 %cpurchases.getAllParticipants%c %O 
    background-color: #72e3ff;
    color: black;
    padding: 2px;
   
    background-color: #72e3ff;
    color: black;
    padding: 2px;
  ; font-weight: bold; 
    background-color: #72e3ff;
    color: black;
    padding: 2px;
  ; font-weight: normal; {input: Object, context: Object} @ http://localhost:3000/_next/static/chunks/node_modules_bf5126c7._.js:5192
[  315780ms] [LOG] %c << query #28 %cpurchases.getAllParticipants%c %O 
    background-color: #3fb0d8;
    color: white;
    padding: 2px;
   
    background-color: #3fb0d8;
    color: white;
    padding: 2px;
  ; font-weight: bold; 
    background-color: #3fb0d8;
    color: white;
    padding: 2px;
  ; font-weight: normal; {input: Object, result: Object, elapsedMs: 1750, context: Object} @ http://localhost:3000/_next/static/chunks/node_modules_bf5126c7._.js:5192
[  323209ms] [LOG] %c >> query #29 %cproducts.getAll%c %O 
    background-color: #72e3ff;
    color: black;
    padding: 2px;
   
    background-color: #72e3ff;
    color: black;
    padding: 2px;
  ; font-weight: bold; 
    background-color: #72e3ff;
    color: black;
    padding: 2px;
  ; font-weight: normal; {input: Object, context: Object} @ http://localhost:3000/_next/static/chunks/node_modules_bf5126c7._.js:5192
[  323211ms] [LOG] %c >> query #30 %ccatalog.getMine%c %O 
    background-color: #72e3ff;
    color: black;
    padding: 2px;
   
    background-color: #72e3ff;
    color: black;
    padding: 2px;
  ; font-weight: bold; 
    background-color: #72e3ff;
    color: black;
    padding: 2px;
  ; font-weight: normal; {input: undefined, context: Object} @ http://localhost:3000/_next/static/chunks/node_modules_bf5126c7._.js:5192
[  324764ms] [LOG] %c << query #29 %cproducts.getAll%c %O 
    background-color: #3fb0d8;
    color: white;
    padding: 2px;
   
    background-color: #3fb0d8;
    color: white;
    padding: 2px;
  ; font-weight: bold; 
    background-color: #3fb0d8;
    color: white;
    padding: 2px;
  ; font-weight: normal; {input: Object, result: Object, elapsedMs: 1553, context: Object} @ http://localhost:3000/_next/static/chunks/node_modules_bf5126c7._.js:5192
[  324764ms] [LOG] %c << query #30 %ccatalog.getMine%c %O 
    background-color: #3fb0d8;
    color: white;
    padding: 2px;
   
    background-color: #3fb0d8;
    color: white;
    padding: 2px;
  ; font-weight: bold; 
    background-color: #3fb0d8;
    color: white;
    padding: 2px;
  ; font-weight: normal; {input: undefined, result: Object, elapsedMs: 1553, context: Object} @ http://localhost:3000/_next/static/chunks/node_modules_bf5126c7._.js:5192
[  325173ms] [LOG] %c >> query #31 %cproducts.getAll%c %O 
    background-color: #72e3ff;
    color: black;
    padding: 2px;
   
    background-color: #72e3ff;
    color: black;
    padding: 2px;
  ; font-weight: bold; 
    background-color: #72e3ff;
    color: black;
    padding: 2px;
  ; font-weight: normal; {input: Object, context: Object} @ http://localhost:3000/_next/static/chunks/node_modules_bf5126c7._.js:5192
[  325177ms] [LOG] %c >> query #32 %cpurchases.countByProductIds%c %O 
    background-color: #72e3ff;
    color: black;
    padding: 2px;
   
    background-color: #72e3ff;
    color: black;
    padding: 2px;
  ; font-weight: bold; 
    background-color: #72e3ff;
    color: black;
    padding: 2px;
  ; font-weight: normal; {input: Object, context: Object} @ http://localhost:3000/_next/static/chunks/node_modules_bf5126c7._.js:5192
[  326253ms] [LOG] %c << query #31 %cproducts.getAll%c %O 
    background-color: #3fb0d8;
    color: white;
    padding: 2px;
   
    background-color: #3fb0d8;
    color: white;
    padding: 2px;
  ; font-weight: bold; 
    background-color: #3fb0d8;
    color: white;
    padding: 2px;
  ; font-weight: normal; {input: Object, result: Object, elapsedMs: 1077, context: Object} @ http://localhost:3000/_next/static/chunks/node_modules_bf5126c7._.js:5192
[  326253ms] [LOG] %c << query #32 %cpurchases.countByProductIds%c %O 
    background-color: #3fb0d8;
    color: white;
    padding: 2px;
   
    background-color: #3fb0d8;
    color: white;
    padding: 2px;
  ; font-weight: bold; 
    background-color: #3fb0d8;
    color: white;
    padding: 2px;
  ; font-weight: normal; {input: Object, result: Object, elapsedMs: 1074, context: Object} @ http://localhost:3000/_next/static/chunks/node_modules_bf5126c7._.js:5192
[  372299ms] [ERROR] Failed to load resource: net::ERR_CONNECTION_REFUSED @ http://localhost:3000/kelas?_rsc=1s60c:0
[  372300ms] [ERROR] Failed to fetch RSC payload for http://localhost:3000/kelas. Falling back to browser navigation. TypeError: Failed to fetch
    at createFetch (http://localhost:3000/_next/static/chunks/node_modules_next_dist_client_cf1d9188._.js:2091:33)
    at fetchServerResponse (http://localhost:3000/_next/static/chunks/node_modules_next_dist_client_cf1d9188._.js:2014:27)
    at http://localhost:3000/_next/static/chunks/node_modules_next_dist_client_cf1d9188._.js:3473:106
    at Object.task (http://localhost:3000/_next/static/chunks/node_modules_next_dist_client_cf1d9188._.js:3201:38)
    at PromiseQueue.processNext (http://localhost:3000/_next/static/chunks/node_modules_next_dist_client_cf1d9188._.js:3252:186)
    at PromiseQueue.enqueue (http://localhost:3000/_next/static/chunks/node_modules_next_dist_client_cf1d9188._.js:3216:76)
    at createLazyPrefetchEntry (http://localhost:3000/_next/static/chunks/node_modules_next_dist_client_cf1d9188._.js:3473:49)
    at getOrCreatePrefetchCacheEntry (http://localhost:3000/_next/static/chunks/node_modules_next_dist_client_cf1d9188._.js:3420:12)
    at navigateReducer (http://localhost:3000/_next/static/chunks/node_modules_next_dist_client_cf1d9188._.js:8266:82)
    at clientReducer (http://localhost:3000/_next/static/chunks/node_modules_next_dist_client_cf1d9188._.js:9222:61)
    at Object.action (http://localhost:3000/_next/static/chunks/node_modules_next_dist_client_cf1d9188._.js:9434:55)
    at runAction (http://localhost:3000/_next/static/chunks/node_modules_next_dist_client_cf1d9188._.js:9344:38)
    at dispatchAction (http://localhost:3000/_next/static/chunks/node_modules_next_dist_client_cf1d9188._.js:9398:9)
    at Object.dispatch (http://localhost:3000/_next/static/chunks/node_modules_next_dist_client_cf1d9188._.js:9432:40)
    at http://localhost:3000/_next/static/chunks/node_modules_next_dist_client_cf1d9188._.js:1409:29
    at startTransition (http://localhost:3000/_next/static/chunks/node_modules_next_dist_compiled_react-dom_1e674e59._.js:4904:31)
    at dispatch (http://localhost:3000/_next/static/chunks/node_modules_next_dist_client_cf1d9188._.js:1408:13)
    at dispatchAppRouterAction (http://localhost:3000/_next/static/chunks/node_modules_next_dist_client_cf1d9188._.js:1392:5)
    at dispatchNavigateAction (http://localhost:3000/_next/static/chunks/node_modules_next_dist_client_cf1d9188._.js:9486:49)
    at http://localhost:3000/_next/static/chunks/node_modules_7ee4fa6e._.js:623:55
    at exports.startTransition (http://localhost:3000/_next/static/chunks/node_modules_next_dist_compiled_5150ccfd._.js:1662:31)
    at linkClicked (http://localhost:3000/_next/static/chunks/node_modules_7ee4fa6e._.js:622:20)
    at onClick (http://localhost:3000/_next/static/chunks/node_modules_7ee4fa6e._.js:857:13)
    at executeDispatch (http://localhost:3000/_next/static/chunks/node_modules_next_dist_compiled_react-dom_1e674e59._.js:8965:13)
    at runWithFiberInDEV (http://localhost:3000/_next/static/chunks/node_modules_next_dist_compiled_react-dom_1e674e59._.js:886:74)
    at processDispatchQueue (http://localhost:3000/_next/static/chunks/node_modules_next_dist_compiled_react-dom_1e674e59._.js:8991:41)
    at http://localhost:3000/_next/static/chunks/node_modules_next_dist_compiled_react-dom_1e674e59._.js:9286:13
    at batchedUpdates$1 (http://localhost:3000/_next/static/chunks/node_modules_next_dist_compiled_react-dom_1e674e59._.js:2211:44)
    at dispatchEventForPluginEventSystem (http://localhost:3000/_next/static/chunks/node_modules_next_dist_compiled_react-dom_1e674e59._.js:9067:9)
    at dispatchEvent (http://localhost:3000/_next/static/chunks/node_modules_next_dist_compiled_react-dom_1e674e59._.js:11224:37)
    at dispatchDiscreteEvent (http://localhost:3000/_next/static/chunks/node_modules_next_dist_compiled_react-dom_1e674e59._.js:11206:64) @ http://localhost:3000/_next/static/chunks/node_modules_next_dist_b0daae9a._.js:2359
